<?xml version="1.0" encoding="UTF-8"?>
<testsuite name="JUnit Jupiter" tests="4" skipped="1" failures="0" errors="0" time="0.121" hostname="ed93931a4378" timestamp="2017-06-08T18:23:57">
<properties>
<property name="awt.toolkit" value="sun.awt.X11.XToolkit"/>
<property name="file.encoding" value="US-ASCII"/>
<property name="file.encoding.pkg" value="sun.io"/>
<property name="file.separator" value="/"/>
<property name="java.awt.graphicsenv" value="sun.awt.X11GraphicsEnvironment"/>
<property name="java.awt.printerjob" value="sun.print.PSPrinterJob"/>
<property name="java.class.path" value="/junit5-gradle-consumer/build/classes/test:/junit5-gradle-consumer/build/resources/test:/junit5-gradle-consumer/build/classes/main:/junit5-gradle-consumer/build/resources/main:/root/.gradle/caches/modules-2/files-2.1/org.junit.jupiter/junit-jupiter-api/5.0.0-M4/50f95d68c674a30374c5f50e6ad5212d2c1a3cec/junit-jupiter-api-5.0.0-M4.jar:/root/.gradle/caches/modules-2/files-2.1/junit/junit/4.12/2973d150c0dc1fefe998f834810d68f278ea58ec/junit-4.12.jar:/root/.gradle/caches/modules-2/files-2.1/org.junit.jupiter/junit-jupiter-engine/5.0.0-M4/10e0dc41a4e9c1817c2b729c3a7c48b1ddfed17/junit-jupiter-engine-5.0.0-M4.jar:/root/.gradle/caches/modules-2/files-2.1/org.junit.vintage/junit-vintage-engine/4.12.0-M4/b74455e014bb82c6a83dcab849ec169f68978109/junit-vintage-engine-4.12.0-M4.jar:/root/.gradle/caches/modules-2/files-2.1/org.apache.logging.log4j/log4j-core/2.6.2/a91369f655eb1639c6aece5c5eb5108db18306/log4j-core-2.6.2.jar:/root/.gradle/caches/modules-2/files-2.1/org.apache.logging.log4j/log4j-jul/2.6.2/afb8205d03d7f30405b385a2b0fdf1086bc9bc2a/log4j-jul-2.6.2.jar:/root/.gradle/caches/modules-2/files-2.1/org.opentest4j/opentest4j/1.0.0-M2/e2caa64702a83336d3dd32c7f69c1f092156df6d/opentest4j-1.0.0-M2.jar:/root/.gradle/caches/modules-2/files-2.1/org.junit.platform/junit-platform-commons/1.0.0-M4/359eb461814bd7356de541d131d45473d394a168/junit-platform-commons-1.0.0-M4.jar:/root/.gradle/caches/modules-2/files-2.1/org.hamcrest/hamcrest-core/1.3/42a25dc3219429f0e5d060061f71acb49bf010a0/hamcrest-core-1.3.jar:/root/.gradle/caches/modules-2/files-2.1/org.junit.platform/junit-platform-engine/1.0.0-M4/5e65bdd2d623dfc6a405911a6449f2c60808b0af/junit-platform-engine-1.0.0-M4.jar:/root/.gradle/caches/modules-2/files-2.1/org.apache.logging.log4j/log4j-api/2.6.2/bd1b74a5d170686362091c7cf596bbc3adf5c09b/log4j-api-2.6.2.jar:/root/.gradle/caches/modules-2/files-2.1/org.junit.platform/junit-platform-launcher/1.0.0-M4/d4e3657bc7cf204d6b9b55f0387fedc6eaad55fa/junit-platform-launcher-1.0.0-M4.jar:/root/.gradle/caches/modules-2/files-2.1/org.junit.platform/junit-platform-console/1.0.0-M4/82da9da502b1fe187bed5f5152746696aad19fae/junit-platform-console-1.0.0-M4.jar:build/tmp/expandedArchives/org.jacoco.agent-0.7.6.201602180812.jar_bv7zue6195jg90oim0jlalqsv/jacocoagent.jar"/>
<property name="java.class.version" value="52.0"/>
<property name="java.endorsed.dirs" value="/usr/lib/jvm/java-8-oracle/jre/lib/endorsed"/>
<property name="java.ext.dirs" value="/usr/lib/jvm/java-8-oracle/jre/lib/ext:/usr/java/packages/lib/ext"/>
<property name="java.home" value="/usr/lib/jvm/java-8-oracle/jre"/>
<property name="java.io.tmpdir" value="/tmp"/>
<property name="java.library.path" value="/usr/java/packages/lib/amd64:/usr/lib64:/lib64:/lib:/usr/lib"/>
<property name="java.runtime.name" value="Java(TM) SE Runtime Environment"/>
<property name="java.runtime.version" value="1.8.0_131-b11"/>
<property name="java.specification.name" value="Java Platform API Specification"/>
<property name="java.specification.vendor" value="Oracle Corporation"/>
<property name="java.specification.version" value="1.8"/>
<property name="java.util.logging.manager" value="org.apache.logging.log4j.jul.LogManager"/>
<property name="java.vendor" value="Oracle Corporation"/>
<property name="java.vendor.url" value="http://java.oracle.com/"/>
<property name="java.vendor.url.bug" value="http://bugreport.sun.com/bugreport/"/>
<property name="java.version" value="1.8.0_131"/>
<property name="java.vm.info" value="mixed mode"/>
<property name="java.vm.name" value="Java HotSpot(TM) 64-Bit Server VM"/>
<property name="java.vm.specification.name" value="Java Virtual Machine Specification"/>
<property name="java.vm.specification.vendor" value="Oracle Corporation"/>
<property name="java.vm.specification.version" value="1.8"/>
<property name="java.vm.vendor" value="Oracle Corporation"/>
<property name="java.vm.version" value="25.131-b11"/>
<property name="line.separator" value="
"/>
<property name="os.arch" value="amd64"/>
<property name="os.name" value="Linux"/>
<property name="os.version" value="4.9.27-moby"/>
<property name="path.separator" value=":"/>
<property name="sun.arch.data.model" value="64"/>
<property name="sun.boot.class.path" value="/usr/lib/jvm/java-8-oracle/jre/lib/resources.jar:/usr/lib/jvm/java-8-oracle/jre/lib/rt.jar:/usr/lib/jvm/java-8-oracle/jre/lib/sunrsasign.jar:/usr/lib/jvm/java-8-oracle/jre/lib/jsse.jar:/usr/lib/jvm/java-8-oracle/jre/lib/jce.jar:/usr/lib/jvm/java-8-oracle/jre/lib/charsets.jar:/usr/lib/jvm/java-8-oracle/jre/lib/jfr.jar:/usr/lib/jvm/java-8-oracle/jre/classes"/>
<property name="sun.boot.library.path" value="/usr/lib/jvm/java-8-oracle/jre/lib/amd64"/>
<property name="sun.cpu.endian" value="little"/>
<property name="sun.cpu.isalist" value=""/>
<property name="sun.io.unicode.encoding" value="UnicodeLittle"/>
<property name="sun.java.command" value="org.junit.platform.console.ConsoleLauncher --details NONE --scan-class-path /junit5-gradle-consumer/build/classes/main:/junit5-gradle-consumer/build/resources/main:/junit5-gradle-consumer/build/classes/test:/junit5-gradle-consumer/build/resources/test -n ^.*Tests?$ -T slow --reports-dir /junit5-gradle-consumer/build/test-results/junit-platform"/>
<property name="sun.java.launcher" value="SUN_STANDARD"/>
<property name="sun.jnu.encoding" value="ANSI_X3.4-1968"/>
<property name="sun.management.compiler" value="HotSpot 64-Bit Tiered Compilers"/>
<property name="sun.os.patch.level" value="unknown"/>
<property name="user.country" value="US"/>
<property name="user.dir" value="/junit5-gradle-consumer"/>
<property name="user.home" value="/root"/>
<property name="user.language" value="en"/>
<property name="user.name" value="root"/>
<property name="user.timezone" value="Etc/UTC"/>
<property name="user.variant" value=""/>
</properties>
<testcase name="myFirstTest(TestInfo)" classname="com.example.project.FirstTest" time="0.035">
<system-out><![CDATA[
unique-id: [engine:junit-jupiter]/[class:com.example.project.FirstTest]/[method:myFirstTest(org.junit.jupiter.api.TestInfo)]
display-name: My 1st JUnit 5 test! ����
]]></system-out>
</testcase>
<testcase name="testThisOtherThing()" classname="com.example.project.OtherTests" time="0.003">
<system-out><![CDATA[
unique-id: [engine:junit-jupiter]/[class:com.example.project.OtherTests]/[method:testThisOtherThing()]
display-name: testThisOtherThing()
]]></system-out>
</testcase>
<testcase name="testThisThing()" classname="com.example.project.OtherTests" time="0.003">
<system-out><![CDATA[
unique-id: [engine:junit-jupiter]/[class:com.example.project.OtherTests]/[method:testThisThing()]
display-name: testThisThing()
]]></system-out>
</testcase>
<testcase name="mySecondTest()" classname="com.example.project.SecondTest" time="0">
<skipped><![CDATA[void com.example.project.SecondTest.mySecondTest() is @Disabled]]></skipped>
<system-out><![CDATA[
unique-id: [engine:junit-jupiter]/[class:com.example.project.SecondTest]/[method:mySecondTest()]
display-name: mySecondTest()
]]></system-out>
</testcase>
<system-out><![CDATA[
unique-id: [engine:junit-jupiter]
display-name: JUnit Jupiter
]]></system-out>
</testsuite>
